c:\users\legog\desktop\melnikovs_8859789\hovercraft\debug\vc142.pdb
c:\users\legog\desktop\melnikovs_8859789\hovercraft\debug\vc142.idb
c:\users\legog\desktop\melnikovs_8859789\hovercraft\debug\spherecollider.obj
c:\users\legog\desktop\melnikovs_8859789\hovercraft\debug\sphere.obj
c:\users\legog\desktop\melnikovs_8859789\hovercraft\debug\shader.obj
c:\users\legog\desktop\melnikovs_8859789\hovercraft\debug\rigidbody2d.obj
c:\users\legog\desktop\melnikovs_8859789\hovercraft\debug\player.obj
c:\users\legog\desktop\melnikovs_8859789\hovercraft\debug\particle.obj
c:\users\legog\desktop\melnikovs_8859789\hovercraft\debug\objreader.obj
c:\users\legog\desktop\melnikovs_8859789\hovercraft\debug\main.obj
c:\users\legog\desktop\melnikovs_8859789\hovercraft\debug\getbmp.obj
c:\users\legog\desktop\melnikovs_8859789\hovercraft\debug\gameobject.obj
c:\users\legog\desktop\melnikovs_8859789\hovercraft\debug\gameengine.obj
c:\users\legog\desktop\melnikovs_8859789\hovercraft\debug\cube.obj
c:\users\legog\desktop\melnikovs_8859789\hovercraft\debug\cone.obj
c:\users\legog\desktop\melnikovs_8859789\hovercraft\debug\hovercraft.exe
c:\users\legog\desktop\melnikovs_8859789\hovercraft\debug\hovercraft.ilk
c:\users\legog\desktop\melnikovs_8859789\hovercraft\debug\hovercraft.pdb
c:\users\legog\desktop\melnikovs_8859789\hovercraft\debug\hovercraft.tlog\cl.command.1.tlog
c:\users\legog\desktop\melnikovs_8859789\hovercraft\debug\hovercraft.tlog\cl.read.1.tlog
c:\users\legog\desktop\melnikovs_8859789\hovercraft\debug\hovercraft.tlog\cl.write.1.tlog
c:\users\legog\desktop\melnikovs_8859789\hovercraft\debug\hovercraft.tlog\link.command.1.tlog
c:\users\legog\desktop\melnikovs_8859789\hovercraft\debug\hovercraft.tlog\link.read.1.tlog
c:\users\legog\desktop\melnikovs_8859789\hovercraft\debug\hovercraft.tlog\link.write.1.tlog
